# JRE version: Java(TM) SE Runtime Environment (17.0.2+8) (build 17.0.2+8-LTS-86)
# Java VM: Java HotSpot(TM) 64-Bit Server VM (17.0.2+8-LTS-86, mixed mode, sharing, tiered, compressed oops, compressed class ptrs, g1 gc, windows-amd64)
GC Precious Log:
 CPUs: 12 total, 12 available
 Memory: 16111M
 Large Page Support: Disabled
 NUMA Support: Disabled
 Compressed Oops: Enabled (Zero based)
 Heap Region Size: 2M
 Heap Min Capacity: 8M
 Heap Initial Capacity: 252M
 Heap Max Capacity: 4028M
 Pre-touch: Disabled
 Parallel Workers: 10
 Concurrent Workers: 3
 Concurrent Refinement Workers: 10
 Periodic GC: Disabled
Heap:
 garbage-first heap   total 1155072K, used 342016K [0x0000000704400000, 0x0000000800000000)
  region size 2048K, 38 young (77824K), 3 survivors (6144K)
 Metaspace       used 16419K, committed 16704K, reserved 1064960K
  class space    used 1717K, committed 1856K, reserved 1048576K
GC Heap History (20 events):
Event: 64.668 GC heap before
{Heap before GC invocations=23 (full 0):
 garbage-first heap   total 258048K, used 156357K [0x0000000704400000, 0x0000000800000000)
  region size 2048K, 75 young (153600K), 1 survivors (2048K)
 Metaspace       used 16419K, committed 16704K, reserved 1064960K
  class space    used 1717K, committed 1856K, reserved 1048576K
}
Event: 64.669 GC heap after
{Heap after GC invocations=24 (full 0):
 garbage-first heap   total 258048K, used 4803K [0x0000000704400000, 0x0000000800000000)
  region size 2048K, 1 young (2048K), 1 survivors (2048K)
 Metaspace       used 16419K, committed 16704K, reserved 1064960K
  class space    used 1717K, committed 1856K, reserved 1048576K
}
Event: 64.771 GC heap before
{Heap before GC invocations=24 (full 0):
 garbage-first heap   total 258048K, used 156355K [0x0000000704400000, 0x0000000800000000)
  region size 2048K, 75 young (153600K), 1 survivors (2048K)
 Metaspace       used 16419K, committed 16704K, reserved 1064960K
  class space    used 1717K, committed 1856K, reserved 1048576K
}
Event: 64.784 GC heap after
{Heap after GC invocations=25 (full 0):
 garbage-first heap   total 258048K, used 28537K [0x0000000704400000, 0x0000000800000000)
  region size 2048K, 10 young (20480K), 10 survivors (20480K)
 Metaspace       used 16419K, committed 16704K, reserved 1064960K
  class space    used 1717K, committed 1856K, reserved 1048576K
}
Event: 64.852 GC heap before
{Heap before GC invocations=25 (full 0):
 garbage-first heap   total 258048K, used 161657K [0x0000000704400000, 0x0000000800000000)
  region size 2048K, 75 young (153600K), 10 survivors (20480K)
 Metaspace       used 16419K, committed 16704K, reserved 1064960K
  class space    used 1717K, committed 1856K, reserved 1048576K
}
Event: 64.876 GC heap after
{Heap after GC invocations=26 (full 0):
 garbage-first heap   total 258048K, used 56383K [0x0000000704400000, 0x0000000800000000)
  region size 2048K, 10 young (20480K), 10 survivors (20480K)
 Metaspace       used 16419K, committed 16704K, reserved 1064960K
  class space    used 1717K, committed 1856K, reserved 1048576K
}
Event: 64.941 GC heap before
{Heap before GC invocations=26 (full 0):
 garbage-first heap   total 258048K, used 185407K [0x0000000704400000, 0x0000000800000000)
  region size 2048K, 73 young (149504K), 10 survivors (20480K)
 Metaspace       used 16419K, committed 16704K, reserved 1064960K
  class space    used 1717K, committed 1856K, reserved 1048576K
}
Event: 64.959 GC heap after
{Heap after GC invocations=27 (full 0):
 garbage-first heap   total 258048K, used 85383K [0x0000000704400000, 0x0000000800000000)
  region size 2048K, 10 young (20480K), 10 survivors (20480K)
 Metaspace       used 16419K, committed 16704K, reserved 1064960K
  class space    used 1717K, committed 1856K, reserved 1048576K
}
Event: 65.010 GC heap before
{Heap before GC invocations=27 (full 0):
 garbage-first heap   total 258048K, used 187783K [0x0000000704400000, 0x0000000800000000)
  region size 2048K, 60 young (122880K), 10 survivors (20480K)
 Metaspace       used 16419K, committed 16704K, reserved 1064960K
  class space    used 1717K, committed 1856K, reserved 1048576K
}
Event: 65.025 GC heap after
{Heap after GC invocations=28 (full 0):
 garbage-first heap   total 258048K, used 109381K [0x0000000704400000, 0x0000000800000000)
  region size 2048K, 8 young (16384K), 8 survivors (16384K)
 Metaspace       used 16419K, committed 16704K, reserved 1064960K
  class space    used 1717K, committed 1856K, reserved 1048576K
}
Event: 65.056 GC heap before
{Heap before GC invocations=28 (full 0):
 garbage-first heap   total 258048K, used 191301K [0x0000000704400000, 0x0000000800000000)
  region size 2048K, 48 young (98304K), 8 survivors (16384K)
 Metaspace       used 16419K, committed 16704K, reserved 1064960K
  class space    used 1717K, committed 1856K, reserved 1048576K
}
Event: 65.070 GC heap after
{Heap after GC invocations=29 (full 0):
 garbage-first heap   total 647168K, used 129871K [0x0000000704400000, 0x0000000800000000)
  region size 2048K, 6 young (12288K), 6 survivors (12288K)
 Metaspace       used 16419K, committed 16704K, reserved 1064960K
  class space    used 1717K, committed 1856K, reserved 1048576K
}
Event: 65.293 GC heap before
{Heap before GC invocations=29 (full 0):
 garbage-first heap   total 647168K, used 437071K [0x0000000704400000, 0x0000000800000000)
  region size 2048K, 156 young (319488K), 6 survivors (12288K)
 Metaspace       used 16419K, committed 16704K, reserved 1064960K
  class space    used 1717K, committed 1856K, reserved 1048576K
}
Event: 65.319 GC heap after
{Heap after GC invocations=30 (full 0):
 garbage-first heap   total 647168K, used 197508K [0x0000000704400000, 0x0000000800000000)
  region size 2048K, 20 young (40960K), 20 survivors (40960K)
 Metaspace       used 16419K, committed 16704K, reserved 1064960K
  class space    used 1717K, committed 1856K, reserved 1048576K
}
Event: 65.405 GC heap before
{Heap before GC invocations=30 (full 0):
 garbage-first heap   total 647168K, used 428932K [0x0000000704400000, 0x0000000800000000)
  region size 2048K, 133 young (272384K), 20 survivors (40960K)
 Metaspace       used 16419K, committed 16704K, reserved 1064960K
  class space    used 1717K, committed 1856K, reserved 1048576K
}
Event: 65.429 GC heap after
{Heap after GC invocations=31 (full 0):
 garbage-first heap   total 647168K, used 250518K [0x0000000704400000, 0x0000000800000000)
  region size 2048K, 17 young (34816K), 17 survivors (34816K)
 Metaspace       used 16419K, committed 16704K, reserved 1064960K
  class space    used 1717K, committed 1856K, reserved 1048576K
}
Event: 65.511 GC heap before
{Heap before GC invocations=31 (full 0):
 garbage-first heap   total 647168K, used 457366K [0x0000000704400000, 0x0000000800000000)
  region size 2048K, 118 young (241664K), 17 survivors (34816K)
 Metaspace       used 16419K, committed 16704K, reserved 1064960K
  class space    used 1717K, committed 1856K, reserved 1048576K
}
Event: 65.556 GC heap after
{Heap after GC invocations=32 (full 0):
 garbage-first heap   total 647168K, used 343996K [0x0000000704400000, 0x0000000800000000)
  region size 2048K, 15 young (30720K), 15 survivors (30720K)
 Metaspace       used 16419K, committed 16704K, reserved 1064960K
  class space    used 1717K, committed 1856K, reserved 1048576K
}
Event: 65.559 GC heap before
{Heap before GC invocations=32 (full 0):
 garbage-first heap   total 647168K, used 348092K [0x0000000704400000, 0x0000000800000000)
  region size 2048K, 17 young (34816K), 15 survivors (30720K)
 Metaspace       used 16419K, committed 16704K, reserved 1064960K
  class space    used 1717K, committed 1856K, reserved 1048576K
}
Event: 65.581 GC heap after
{Heap after GC invocations=33 (full 0):
 garbage-first heap   total 1746944K, used 356352K [0x0000000704400000, 0x0000000800000000)
  region size 2048K, 3 young (6144K), 3 survivors (6144K)
 Metaspace       used 16419K, committed 16704K, reserved 1064960K
  class space    used 1717K, committed 1856K, reserved 1048576K
}

