# JRE version: Java(TM) SE Runtime Environment (17.0.2+8) (build 17.0.2+8-LTS-86)
# Java VM: Java HotSpot(TM) 64-Bit Server VM (17.0.2+8-LTS-86, mixed mode, sharing, tiered, compressed oops, compressed class ptrs, g1 gc, windows-amd64)
GC Precious Log:
 CPUs: 12 total, 12 available
 Memory: 16111M
 Large Page Support: Disabled
 NUMA Support: Disabled
 Compressed Oops: Enabled (Zero based)
 Heap Region Size: 2M
 Heap Min Capacity: 8M
 Heap Initial Capacity: 252M
 Heap Max Capacity: 4028M
 Pre-touch: Disabled
 Parallel Workers: 10
 Concurrent Workers: 3
 Concurrent Refinement Workers: 10
 Periodic GC: Disabled
Heap:
 garbage-first heap   total 516096K, used 50096K [0x0000000704400000, 0x0000000800000000)
  region size 2048K, 2 young (4096K), 1 survivors (2048K)
 Metaspace       used 19526K, committed 19840K, reserved 1073152K
  class space    used 2053K, committed 2240K, reserved 1048576K
GC Heap History (20 events):
Event: 18.834 GC heap before
{Heap before GC invocations=76 (full 0):
 garbage-first heap   total 516096K, used 357292K [0x0000000704400000, 0x0000000800000000)
  region size 2048K, 151 young (309248K), 1 survivors (2048K)
 Metaspace       used 19505K, committed 19840K, reserved 1073152K
  class space    used 2051K, committed 2240K, reserved 1048576K
}
Event: 18.836 GC heap after
{Heap after GC invocations=77 (full 0):
 garbage-first heap   total 516096K, used 50088K [0x0000000704400000, 0x0000000800000000)
  region size 2048K, 1 young (2048K), 1 survivors (2048K)
 Metaspace       used 19505K, committed 19840K, reserved 1073152K
  class space    used 2051K, committed 2240K, reserved 1048576K
}
Event: 18.999 GC heap before
{Heap before GC invocations=77 (full 0):
 garbage-first heap   total 516096K, used 357288K [0x0000000704400000, 0x0000000800000000)
  region size 2048K, 151 young (309248K), 1 survivors (2048K)
 Metaspace       used 19518K, committed 19840K, reserved 1073152K
  class space    used 2051K, committed 2240K, reserved 1048576K
}
Event: 19.000 GC heap after
{Heap after GC invocations=78 (full 0):
 garbage-first heap   total 516096K, used 50090K [0x0000000704400000, 0x0000000800000000)
  region size 2048K, 1 young (2048K), 1 survivors (2048K)
 Metaspace       used 19518K, committed 19840K, reserved 1073152K
  class space    used 2051K, committed 2240K, reserved 1048576K
}
Event: 19.163 GC heap before
{Heap before GC invocations=78 (full 0):
 garbage-first heap   total 516096K, used 357290K [0x0000000704400000, 0x0000000800000000)
  region size 2048K, 151 young (309248K), 1 survivors (2048K)
 Metaspace       used 19518K, committed 19840K, reserved 1073152K
  class space    used 2051K, committed 2240K, reserved 1048576K
}
Event: 19.164 GC heap after
{Heap after GC invocations=79 (full 0):
 garbage-first heap   total 516096K, used 50090K [0x0000000704400000, 0x0000000800000000)
  region size 2048K, 1 young (2048K), 1 survivors (2048K)
 Metaspace       used 19518K, committed 19840K, reserved 1073152K
  class space    used 2051K, committed 2240K, reserved 1048576K
}
Event: 19.317 GC heap before
{Heap before GC invocations=79 (full 0):
 garbage-first heap   total 516096K, used 357290K [0x0000000704400000, 0x0000000800000000)
  region size 2048K, 151 young (309248K), 1 survivors (2048K)
 Metaspace       used 19518K, committed 19840K, reserved 1073152K
  class space    used 2051K, committed 2240K, reserved 1048576K
}
Event: 19.318 GC heap after
{Heap after GC invocations=80 (full 0):
 garbage-first heap   total 516096K, used 50095K [0x0000000704400000, 0x0000000800000000)
  region size 2048K, 1 young (2048K), 1 survivors (2048K)
 Metaspace       used 19518K, committed 19840K, reserved 1073152K
  class space    used 2051K, committed 2240K, reserved 1048576K
}
Event: 19.482 GC heap before
{Heap before GC invocations=80 (full 0):
 garbage-first heap   total 516096K, used 357295K [0x0000000704400000, 0x0000000800000000)
  region size 2048K, 151 young (309248K), 1 survivors (2048K)
 Metaspace       used 19518K, committed 19840K, reserved 1073152K
  class space    used 2051K, committed 2240K, reserved 1048576K
}
Event: 19.483 GC heap after
{Heap after GC invocations=81 (full 0):
 garbage-first heap   total 516096K, used 50092K [0x0000000704400000, 0x0000000800000000)
  region size 2048K, 1 young (2048K), 1 survivors (2048K)
 Metaspace       used 19518K, committed 19840K, reserved 1073152K
  class space    used 2051K, committed 2240K, reserved 1048576K
}
Event: 19.646 GC heap before
{Heap before GC invocations=81 (full 0):
 garbage-first heap   total 516096K, used 357292K [0x0000000704400000, 0x0000000800000000)
  region size 2048K, 151 young (309248K), 1 survivors (2048K)
 Metaspace       used 19518K, committed 19840K, reserved 1073152K
  class space    used 2051K, committed 2240K, reserved 1048576K
}
Event: 19.647 GC heap after
{Heap after GC invocations=82 (full 0):
 garbage-first heap   total 516096K, used 50093K [0x0000000704400000, 0x0000000800000000)
  region size 2048K, 1 young (2048K), 1 survivors (2048K)
 Metaspace       used 19518K, committed 19840K, reserved 1073152K
  class space    used 2051K, committed 2240K, reserved 1048576K
}
Event: 19.802 GC heap before
{Heap before GC invocations=82 (full 0):
 garbage-first heap   total 516096K, used 357293K [0x0000000704400000, 0x0000000800000000)
  region size 2048K, 151 young (309248K), 1 survivors (2048K)
 Metaspace       used 19518K, committed 19840K, reserved 1073152K
  class space    used 2051K, committed 2240K, reserved 1048576K
}
Event: 19.803 GC heap after
{Heap after GC invocations=83 (full 0):
 garbage-first heap   total 516096K, used 50092K [0x0000000704400000, 0x0000000800000000)
  region size 2048K, 1 young (2048K), 1 survivors (2048K)
 Metaspace       used 19518K, committed 19840K, reserved 1073152K
  class space    used 2051K, committed 2240K, reserved 1048576K
}
Event: 19.965 GC heap before
{Heap before GC invocations=83 (full 0):
 garbage-first heap   total 516096K, used 357292K [0x0000000704400000, 0x0000000800000000)
  region size 2048K, 151 young (309248K), 1 survivors (2048K)
 Metaspace       used 19526K, committed 19840K, reserved 1073152K
  class space    used 2053K, committed 2240K, reserved 1048576K
}
Event: 19.966 GC heap after
{Heap after GC invocations=84 (full 0):
 garbage-first heap   total 516096K, used 50092K [0x0000000704400000, 0x0000000800000000)
  region size 2048K, 1 young (2048K), 1 survivors (2048K)
 Metaspace       used 19526K, committed 19840K, reserved 1073152K
  class space    used 2053K, committed 2240K, reserved 1048576K
}
Event: 20.130 GC heap before
{Heap before GC invocations=84 (full 0):
 garbage-first heap   total 516096K, used 357292K [0x0000000704400000, 0x0000000800000000)
  region size 2048K, 151 young (309248K), 1 survivors (2048K)
 Metaspace       used 19526K, committed 19840K, reserved 1073152K
  class space    used 2053K, committed 2240K, reserved 1048576K
}
Event: 20.132 GC heap after
{Heap after GC invocations=85 (full 0):
 garbage-first heap   total 516096K, used 50096K [0x0000000704400000, 0x0000000800000000)
  region size 2048K, 1 young (2048K), 1 survivors (2048K)
 Metaspace       used 19526K, committed 19840K, reserved 1073152K
  class space    used 2053K, committed 2240K, reserved 1048576K
}
Event: 20.286 GC heap before
{Heap before GC invocations=85 (full 0):
 garbage-first heap   total 516096K, used 357296K [0x0000000704400000, 0x0000000800000000)
  region size 2048K, 151 young (309248K), 1 survivors (2048K)
 Metaspace       used 19526K, committed 19840K, reserved 1073152K
  class space    used 2053K, committed 2240K, reserved 1048576K
}
Event: 20.287 GC heap after
{Heap after GC invocations=86 (full 0):
 garbage-first heap   total 516096K, used 50096K [0x0000000704400000, 0x0000000800000000)
  region size 2048K, 1 young (2048K), 1 survivors (2048K)
 Metaspace       used 19526K, committed 19840K, reserved 1073152K
  class space    used 2053K, committed 2240K, reserved 1048576K
}

