# JRE version: Java(TM) SE Runtime Environment (17.0.2+8) (build 17.0.2+8-LTS-86)
# Java VM: Java HotSpot(TM) 64-Bit Server VM (17.0.2+8-LTS-86, mixed mode, sharing, tiered, compressed oops, compressed class ptrs, g1 gc, windows-amd64)
GC Precious Log:
 CPUs: 12 total, 12 available
 Memory: 16111M
 Large Page Support: Disabled
 NUMA Support: Disabled
 Compressed Oops: Enabled (Zero based)
 Heap Region Size: 2M
 Heap Min Capacity: 8M
 Heap Initial Capacity: 252M
 Heap Max Capacity: 4028M
 Pre-touch: Disabled
 Parallel Workers: 10
 Concurrent Workers: 3
 Concurrent Refinement Workers: 10
 Periodic GC: Disabled
Heap:
 garbage-first heap   total 258048K, used 79743K [0x0000000704400000, 0x0000000800000000)
  region size 2048K, 38 young (77824K), 1 survivors (2048K)
 Metaspace       used 16412K, committed 16640K, reserved 1064960K
  class space    used 1692K, committed 1792K, reserved 1048576K
GC Heap History (20 events):
Event: 29.820 GC heap before
{Heap before GC invocations=63 (full 0):
 garbage-first heap   total 258048K, used 157486K [0x0000000704400000, 0x0000000800000000)
  region size 2048K, 75 young (153600K), 1 survivors (2048K)
 Metaspace       used 16411K, committed 16640K, reserved 1064960K
  class space    used 1692K, committed 1792K, reserved 1048576K
}
Event: 29.821 GC heap after
{Heap after GC invocations=64 (full 0):
 garbage-first heap   total 258048K, used 5941K [0x0000000704400000, 0x0000000800000000)
  region size 2048K, 1 young (2048K), 1 survivors (2048K)
 Metaspace       used 16411K, committed 16640K, reserved 1064960K
  class space    used 1692K, committed 1792K, reserved 1048576K
}
Event: 30.070 GC heap before
{Heap before GC invocations=64 (full 0):
 garbage-first heap   total 258048K, used 157493K [0x0000000704400000, 0x0000000800000000)
  region size 2048K, 75 young (153600K), 1 survivors (2048K)
 Metaspace       used 16411K, committed 16640K, reserved 1064960K
  class space    used 1692K, committed 1792K, reserved 1048576K
}
Event: 30.071 GC heap after
{Heap after GC invocations=65 (full 0):
 garbage-first heap   total 258048K, used 5941K [0x0000000704400000, 0x0000000800000000)
  region size 2048K, 1 young (2048K), 1 survivors (2048K)
 Metaspace       used 16411K, committed 16640K, reserved 1064960K
  class space    used 1692K, committed 1792K, reserved 1048576K
}
Event: 30.319 GC heap before
{Heap before GC invocations=65 (full 0):
 garbage-first heap   total 258048K, used 157493K [0x0000000704400000, 0x0000000800000000)
  region size 2048K, 75 young (153600K), 1 survivors (2048K)
 Metaspace       used 16411K, committed 16640K, reserved 1064960K
  class space    used 1692K, committed 1792K, reserved 1048576K
}
Event: 30.320 GC heap after
{Heap after GC invocations=66 (full 0):
 garbage-first heap   total 258048K, used 5943K [0x0000000704400000, 0x0000000800000000)
  region size 2048K, 1 young (2048K), 1 survivors (2048K)
 Metaspace       used 16411K, committed 16640K, reserved 1064960K
  class space    used 1692K, committed 1792K, reserved 1048576K
}
Event: 30.569 GC heap before
{Heap before GC invocations=66 (full 0):
 garbage-first heap   total 258048K, used 157495K [0x0000000704400000, 0x0000000800000000)
  region size 2048K, 75 young (153600K), 1 survivors (2048K)
 Metaspace       used 16411K, committed 16640K, reserved 1064960K
  class space    used 1692K, committed 1792K, reserved 1048576K
}
Event: 30.570 GC heap after
{Heap after GC invocations=67 (full 0):
 garbage-first heap   total 258048K, used 5941K [0x0000000704400000, 0x0000000800000000)
  region size 2048K, 1 young (2048K), 1 survivors (2048K)
 Metaspace       used 16411K, committed 16640K, reserved 1064960K
  class space    used 1692K, committed 1792K, reserved 1048576K
}
Event: 30.806 GC heap before
{Heap before GC invocations=67 (full 0):
 garbage-first heap   total 258048K, used 157493K [0x0000000704400000, 0x0000000800000000)
  region size 2048K, 75 young (153600K), 1 survivors (2048K)
 Metaspace       used 16411K, committed 16640K, reserved 1064960K
  class space    used 1692K, committed 1792K, reserved 1048576K
}
Event: 30.808 GC heap after
{Heap after GC invocations=68 (full 0):
 garbage-first heap   total 258048K, used 6010K [0x0000000704400000, 0x0000000800000000)
  region size 2048K, 1 young (2048K), 1 survivors (2048K)
 Metaspace       used 16411K, committed 16640K, reserved 1064960K
  class space    used 1692K, committed 1792K, reserved 1048576K
}
Event: 31.056 GC heap before
{Heap before GC invocations=68 (full 0):
 garbage-first heap   total 258048K, used 157562K [0x0000000704400000, 0x0000000800000000)
  region size 2048K, 75 young (153600K), 1 survivors (2048K)
 Metaspace       used 16411K, committed 16640K, reserved 1064960K
  class space    used 1692K, committed 1792K, reserved 1048576K
}
Event: 31.057 GC heap after
{Heap after GC invocations=69 (full 0):
 garbage-first heap   total 258048K, used 6010K [0x0000000704400000, 0x0000000800000000)
  region size 2048K, 1 young (2048K), 1 survivors (2048K)
 Metaspace       used 16411K, committed 16640K, reserved 1064960K
  class space    used 1692K, committed 1792K, reserved 1048576K
}
Event: 31.306 GC heap before
{Heap before GC invocations=69 (full 0):
 garbage-first heap   total 258048K, used 157562K [0x0000000704400000, 0x0000000800000000)
  region size 2048K, 75 young (153600K), 1 survivors (2048K)
 Metaspace       used 16411K, committed 16640K, reserved 1064960K
  class space    used 1692K, committed 1792K, reserved 1048576K
}
Event: 31.308 GC heap after
{Heap after GC invocations=70 (full 0):
 garbage-first heap   total 258048K, used 6008K [0x0000000704400000, 0x0000000800000000)
  region size 2048K, 1 young (2048K), 1 survivors (2048K)
 Metaspace       used 16411K, committed 16640K, reserved 1064960K
  class space    used 1692K, committed 1792K, reserved 1048576K
}
Event: 31.556 GC heap before
{Heap before GC invocations=70 (full 0):
 garbage-first heap   total 258048K, used 157560K [0x0000000704400000, 0x0000000800000000)
  region size 2048K, 75 young (153600K), 1 survivors (2048K)
 Metaspace       used 16411K, committed 16640K, reserved 1064960K
  class space    used 1692K, committed 1792K, reserved 1048576K
}
Event: 31.557 GC heap after
{Heap after GC invocations=71 (full 0):
 garbage-first heap   total 258048K, used 6008K [0x0000000704400000, 0x0000000800000000)
  region size 2048K, 1 young (2048K), 1 survivors (2048K)
 Metaspace       used 16411K, committed 16640K, reserved 1064960K
  class space    used 1692K, committed 1792K, reserved 1048576K
}
Event: 31.806 GC heap before
{Heap before GC invocations=71 (full 0):
 garbage-first heap   total 258048K, used 157560K [0x0000000704400000, 0x0000000800000000)
  region size 2048K, 75 young (153600K), 1 survivors (2048K)
 Metaspace       used 16411K, committed 16640K, reserved 1064960K
  class space    used 1692K, committed 1792K, reserved 1048576K
}
Event: 31.807 GC heap after
{Heap after GC invocations=72 (full 0):
 garbage-first heap   total 258048K, used 6008K [0x0000000704400000, 0x0000000800000000)
  region size 2048K, 1 young (2048K), 1 survivors (2048K)
 Metaspace       used 16411K, committed 16640K, reserved 1064960K
  class space    used 1692K, committed 1792K, reserved 1048576K
}
Event: 32.056 GC heap before
{Heap before GC invocations=72 (full 0):
 garbage-first heap   total 258048K, used 157560K [0x0000000704400000, 0x0000000800000000)
  region size 2048K, 75 young (153600K), 1 survivors (2048K)
 Metaspace       used 16411K, committed 16640K, reserved 1064960K
  class space    used 1692K, committed 1792K, reserved 1048576K
}
Event: 32.057 GC heap after
{Heap after GC invocations=73 (full 0):
 garbage-first heap   total 258048K, used 6015K [0x0000000704400000, 0x0000000800000000)
  region size 2048K, 1 young (2048K), 1 survivors (2048K)
 Metaspace       used 16411K, committed 16640K, reserved 1064960K
  class space    used 1692K, committed 1792K, reserved 1048576K
}

