# JRE version: Java(TM) SE Runtime Environment (17.0.2+8) (build 17.0.2+8-LTS-86)
# Java VM: Java HotSpot(TM) 64-Bit Server VM (17.0.2+8-LTS-86, mixed mode, sharing, tiered, compressed oops, compressed class ptrs, g1 gc, windows-amd64)
GC Precious Log:
 CPUs: 12 total, 12 available
 Memory: 16111M
 Large Page Support: Disabled
 NUMA Support: Disabled
 Compressed Oops: Enabled (Zero based)
 Heap Region Size: 2M
 Heap Min Capacity: 8M
 Heap Initial Capacity: 252M
 Heap Max Capacity: 4028M
 Pre-touch: Disabled
 Parallel Workers: 10
 Concurrent Workers: 3
 Concurrent Refinement Workers: 10
 Periodic GC: Disabled
Heap:
 garbage-first heap   total 516096K, used 49342K [0x0000000704400000, 0x0000000800000000)
  region size 2048K, 2 young (4096K), 1 survivors (2048K)
 Metaspace       used 19411K, committed 19648K, reserved 1073152K
  class space    used 2048K, committed 2176K, reserved 1048576K
GC Heap History (20 events):
Event: 13.216 GC heap before
{Heap before GC invocations=43 (full 0):
 garbage-first heap   total 516096K, used 356542K [0x0000000704400000, 0x0000000800000000)
  region size 2048K, 151 young (309248K), 1 survivors (2048K)
 Metaspace       used 19404K, committed 19648K, reserved 1073152K
  class space    used 2048K, committed 2176K, reserved 1048576K
}
Event: 13.217 GC heap after
{Heap after GC invocations=44 (full 0):
 garbage-first heap   total 516096K, used 49342K [0x0000000704400000, 0x0000000800000000)
  region size 2048K, 1 young (2048K), 1 survivors (2048K)
 Metaspace       used 19404K, committed 19648K, reserved 1073152K
  class space    used 2048K, committed 2176K, reserved 1048576K
}
Event: 13.379 GC heap before
{Heap before GC invocations=44 (full 0):
 garbage-first heap   total 516096K, used 356542K [0x0000000704400000, 0x0000000800000000)
  region size 2048K, 151 young (309248K), 1 survivors (2048K)
 Metaspace       used 19404K, committed 19648K, reserved 1073152K
  class space    used 2048K, committed 2176K, reserved 1048576K
}
Event: 13.380 GC heap after
{Heap after GC invocations=45 (full 0):
 garbage-first heap   total 516096K, used 49342K [0x0000000704400000, 0x0000000800000000)
  region size 2048K, 1 young (2048K), 1 survivors (2048K)
 Metaspace       used 19404K, committed 19648K, reserved 1073152K
  class space    used 2048K, committed 2176K, reserved 1048576K
}
Event: 13.544 GC heap before
{Heap before GC invocations=45 (full 0):
 garbage-first heap   total 516096K, used 356542K [0x0000000704400000, 0x0000000800000000)
  region size 2048K, 151 young (309248K), 1 survivors (2048K)
 Metaspace       used 19404K, committed 19648K, reserved 1073152K
  class space    used 2048K, committed 2176K, reserved 1048576K
}
Event: 13.545 GC heap after
{Heap after GC invocations=46 (full 0):
 garbage-first heap   total 516096K, used 49342K [0x0000000704400000, 0x0000000800000000)
  region size 2048K, 1 young (2048K), 1 survivors (2048K)
 Metaspace       used 19404K, committed 19648K, reserved 1073152K
  class space    used 2048K, committed 2176K, reserved 1048576K
}
Event: 13.703 GC heap before
{Heap before GC invocations=46 (full 0):
 garbage-first heap   total 516096K, used 356542K [0x0000000704400000, 0x0000000800000000)
  region size 2048K, 151 young (309248K), 1 survivors (2048K)
 Metaspace       used 19405K, committed 19648K, reserved 1073152K
  class space    used 2048K, committed 2176K, reserved 1048576K
}
Event: 13.705 GC heap after
{Heap after GC invocations=47 (full 0):
 garbage-first heap   total 516096K, used 49339K [0x0000000704400000, 0x0000000800000000)
  region size 2048K, 1 young (2048K), 1 survivors (2048K)
 Metaspace       used 19405K, committed 19648K, reserved 1073152K
  class space    used 2048K, committed 2176K, reserved 1048576K
}
Event: 13.863 GC heap before
{Heap before GC invocations=47 (full 0):
 garbage-first heap   total 516096K, used 356539K [0x0000000704400000, 0x0000000800000000)
  region size 2048K, 151 young (309248K), 1 survivors (2048K)
 Metaspace       used 19405K, committed 19648K, reserved 1073152K
  class space    used 2048K, committed 2176K, reserved 1048576K
}
Event: 13.864 GC heap after
{Heap after GC invocations=48 (full 0):
 garbage-first heap   total 516096K, used 49342K [0x0000000704400000, 0x0000000800000000)
  region size 2048K, 1 young (2048K), 1 survivors (2048K)
 Metaspace       used 19405K, committed 19648K, reserved 1073152K
  class space    used 2048K, committed 2176K, reserved 1048576K
}
Event: 14.028 GC heap before
{Heap before GC invocations=48 (full 0):
 garbage-first heap   total 516096K, used 356542K [0x0000000704400000, 0x0000000800000000)
  region size 2048K, 151 young (309248K), 1 survivors (2048K)
 Metaspace       used 19411K, committed 19648K, reserved 1073152K
  class space    used 2048K, committed 2176K, reserved 1048576K
}
Event: 14.029 GC heap after
{Heap after GC invocations=49 (full 0):
 garbage-first heap   total 516096K, used 49339K [0x0000000704400000, 0x0000000800000000)
  region size 2048K, 1 young (2048K), 1 survivors (2048K)
 Metaspace       used 19411K, committed 19648K, reserved 1073152K
  class space    used 2048K, committed 2176K, reserved 1048576K
}
Event: 14.187 GC heap before
{Heap before GC invocations=49 (full 0):
 garbage-first heap   total 516096K, used 356539K [0x0000000704400000, 0x0000000800000000)
  region size 2048K, 151 young (309248K), 1 survivors (2048K)
 Metaspace       used 19411K, committed 19648K, reserved 1073152K
  class space    used 2048K, committed 2176K, reserved 1048576K
}
Event: 14.189 GC heap after
{Heap after GC invocations=50 (full 0):
 garbage-first heap   total 516096K, used 49342K [0x0000000704400000, 0x0000000800000000)
  region size 2048K, 1 young (2048K), 1 survivors (2048K)
 Metaspace       used 19411K, committed 19648K, reserved 1073152K
  class space    used 2048K, committed 2176K, reserved 1048576K
}
Event: 14.346 GC heap before
{Heap before GC invocations=50 (full 0):
 garbage-first heap   total 516096K, used 356542K [0x0000000704400000, 0x0000000800000000)
  region size 2048K, 151 young (309248K), 1 survivors (2048K)
 Metaspace       used 19411K, committed 19648K, reserved 1073152K
  class space    used 2048K, committed 2176K, reserved 1048576K
}
Event: 14.347 GC heap after
{Heap after GC invocations=51 (full 0):
 garbage-first heap   total 516096K, used 49342K [0x0000000704400000, 0x0000000800000000)
  region size 2048K, 1 young (2048K), 1 survivors (2048K)
 Metaspace       used 19411K, committed 19648K, reserved 1073152K
  class space    used 2048K, committed 2176K, reserved 1048576K
}
Event: 14.511 GC heap before
{Heap before GC invocations=51 (full 0):
 garbage-first heap   total 516096K, used 356542K [0x0000000704400000, 0x0000000800000000)
  region size 2048K, 151 young (309248K), 1 survivors (2048K)
 Metaspace       used 19411K, committed 19648K, reserved 1073152K
  class space    used 2048K, committed 2176K, reserved 1048576K
}
Event: 14.512 GC heap after
{Heap after GC invocations=52 (full 0):
 garbage-first heap   total 516096K, used 49342K [0x0000000704400000, 0x0000000800000000)
  region size 2048K, 1 young (2048K), 1 survivors (2048K)
 Metaspace       used 19411K, committed 19648K, reserved 1073152K
  class space    used 2048K, committed 2176K, reserved 1048576K
}
Event: 14.666 GC heap before
{Heap before GC invocations=52 (full 0):
 garbage-first heap   total 516096K, used 356542K [0x0000000704400000, 0x0000000800000000)
  region size 2048K, 151 young (309248K), 1 survivors (2048K)
 Metaspace       used 19411K, committed 19648K, reserved 1073152K
  class space    used 2048K, committed 2176K, reserved 1048576K
}
Event: 14.667 GC heap after
{Heap after GC invocations=53 (full 0):
 garbage-first heap   total 516096K, used 49342K [0x0000000704400000, 0x0000000800000000)
  region size 2048K, 1 young (2048K), 1 survivors (2048K)
 Metaspace       used 19411K, committed 19648K, reserved 1073152K
  class space    used 2048K, committed 2176K, reserved 1048576K
}

