# JRE version: Java(TM) SE Runtime Environment (17.0.2+8) (build 17.0.2+8-LTS-86)
# Java VM: Java HotSpot(TM) 64-Bit Server VM (17.0.2+8-LTS-86, mixed mode, sharing, tiered, compressed oops, compressed class ptrs, g1 gc, windows-amd64)
GC Precious Log:
 CPUs: 12 total, 12 available
 Memory: 16111M
 Large Page Support: Disabled
 NUMA Support: Disabled
 Compressed Oops: Enabled (Zero based)
 Heap Region Size: 2M
 Heap Min Capacity: 8M
 Heap Initial Capacity: 252M
 Heap Max Capacity: 4028M
 Pre-touch: Disabled
 Parallel Workers: 10
 Concurrent Workers: 3
 Concurrent Refinement Workers: 10
 Periodic GC: Disabled
Heap:
 garbage-first heap   total 466944K, used 57764K [0x0000000704400000, 0x0000000800000000)
  region size 2048K, 2 young (4096K), 1 survivors (2048K)
 Metaspace       used 19397K, committed 19648K, reserved 1073152K
  class space    used 2048K, committed 2176K, reserved 1048576K
GC Heap History (20 events):
Event: 8.215 GC heap before
{Heap before GC invocations=16 (full 0):
 garbage-first heap   total 466944K, used 333942K [0x0000000704400000, 0x0000000800000000)
  region size 2048K, 136 young (278528K), 1 survivors (2048K)
 Metaspace       used 19376K, committed 19648K, reserved 1073152K
  class space    used 2048K, committed 2176K, reserved 1048576K
}
Event: 8.216 GC heap after
{Heap after GC invocations=17 (full 0):
 garbage-first heap   total 466944K, used 57721K [0x0000000704400000, 0x0000000800000000)
  region size 2048K, 1 young (2048K), 1 survivors (2048K)
 Metaspace       used 19376K, committed 19648K, reserved 1073152K
  class space    used 2048K, committed 2176K, reserved 1048576K
}
Event: 8.362 GC heap before
{Heap before GC invocations=17 (full 0):
 garbage-first heap   total 466944K, used 334201K [0x0000000704400000, 0x0000000800000000)
  region size 2048K, 136 young (278528K), 1 survivors (2048K)
 Metaspace       used 19376K, committed 19648K, reserved 1073152K
  class space    used 2048K, committed 2176K, reserved 1048576K
}
Event: 8.363 GC heap after
{Heap after GC invocations=18 (full 0):
 garbage-first heap   total 466944K, used 57720K [0x0000000704400000, 0x0000000800000000)
  region size 2048K, 1 young (2048K), 1 survivors (2048K)
 Metaspace       used 19376K, committed 19648K, reserved 1073152K
  class space    used 2048K, committed 2176K, reserved 1048576K
}
Event: 8.508 GC heap before
{Heap before GC invocations=18 (full 0):
 garbage-first heap   total 466944K, used 334200K [0x0000000704400000, 0x0000000800000000)
  region size 2048K, 136 young (278528K), 1 survivors (2048K)
 Metaspace       used 19376K, committed 19648K, reserved 1073152K
  class space    used 2048K, committed 2176K, reserved 1048576K
}
Event: 8.510 GC heap after
{Heap after GC invocations=19 (full 0):
 garbage-first heap   total 466944K, used 57459K [0x0000000704400000, 0x0000000800000000)
  region size 2048K, 1 young (2048K), 1 survivors (2048K)
 Metaspace       used 19376K, committed 19648K, reserved 1073152K
  class space    used 2048K, committed 2176K, reserved 1048576K
}
Event: 8.649 GC heap before
{Heap before GC invocations=19 (full 0):
 garbage-first heap   total 466944K, used 333939K [0x0000000704400000, 0x0000000800000000)
  region size 2048K, 136 young (278528K), 1 survivors (2048K)
 Metaspace       used 19376K, committed 19648K, reserved 1073152K
  class space    used 2048K, committed 2176K, reserved 1048576K
}
Event: 8.650 GC heap after
{Heap after GC invocations=20 (full 0):
 garbage-first heap   total 466944K, used 57739K [0x0000000704400000, 0x0000000800000000)
  region size 2048K, 1 young (2048K), 1 survivors (2048K)
 Metaspace       used 19376K, committed 19648K, reserved 1073152K
  class space    used 2048K, committed 2176K, reserved 1048576K
}
Event: 8.796 GC heap before
{Heap before GC invocations=20 (full 0):
 garbage-first heap   total 466944K, used 334219K [0x0000000704400000, 0x0000000800000000)
  region size 2048K, 136 young (278528K), 1 survivors (2048K)
 Metaspace       used 19376K, committed 19648K, reserved 1073152K
  class space    used 2048K, committed 2176K, reserved 1048576K
}
Event: 8.797 GC heap after
{Heap after GC invocations=21 (full 0):
 garbage-first heap   total 466944K, used 57748K [0x0000000704400000, 0x0000000800000000)
  region size 2048K, 1 young (2048K), 1 survivors (2048K)
 Metaspace       used 19376K, committed 19648K, reserved 1073152K
  class space    used 2048K, committed 2176K, reserved 1048576K
}
Event: 8.943 GC heap before
{Heap before GC invocations=21 (full 0):
 garbage-first heap   total 466944K, used 334228K [0x0000000704400000, 0x0000000800000000)
  region size 2048K, 136 young (278528K), 1 survivors (2048K)
 Metaspace       used 19376K, committed 19648K, reserved 1073152K
  class space    used 2048K, committed 2176K, reserved 1048576K
}
Event: 8.945 GC heap after
{Heap after GC invocations=22 (full 0):
 garbage-first heap   total 466944K, used 57757K [0x0000000704400000, 0x0000000800000000)
  region size 2048K, 1 young (2048K), 1 survivors (2048K)
 Metaspace       used 19376K, committed 19648K, reserved 1073152K
  class space    used 2048K, committed 2176K, reserved 1048576K
}
Event: 9.084 GC heap before
{Heap before GC invocations=22 (full 0):
 garbage-first heap   total 466944K, used 334237K [0x0000000704400000, 0x0000000800000000)
  region size 2048K, 136 young (278528K), 1 survivors (2048K)
 Metaspace       used 19376K, committed 19648K, reserved 1073152K
  class space    used 2048K, committed 2176K, reserved 1048576K
}
Event: 9.085 GC heap after
{Heap after GC invocations=23 (full 0):
 garbage-first heap   total 466944K, used 57764K [0x0000000704400000, 0x0000000800000000)
  region size 2048K, 1 young (2048K), 1 survivors (2048K)
 Metaspace       used 19376K, committed 19648K, reserved 1073152K
  class space    used 2048K, committed 2176K, reserved 1048576K
}
Event: 9.230 GC heap before
{Heap before GC invocations=23 (full 0):
 garbage-first heap   total 466944K, used 334244K [0x0000000704400000, 0x0000000800000000)
  region size 2048K, 136 young (278528K), 1 survivors (2048K)
 Metaspace       used 19378K, committed 19648K, reserved 1073152K
  class space    used 2048K, committed 2176K, reserved 1048576K
}
Event: 9.232 GC heap after
{Heap after GC invocations=24 (full 0):
 garbage-first heap   total 466944K, used 57764K [0x0000000704400000, 0x0000000800000000)
  region size 2048K, 1 young (2048K), 1 survivors (2048K)
 Metaspace       used 19378K, committed 19648K, reserved 1073152K
  class space    used 2048K, committed 2176K, reserved 1048576K
}
Event: 9.378 GC heap before
{Heap before GC invocations=24 (full 0):
 garbage-first heap   total 466944K, used 334244K [0x0000000704400000, 0x0000000800000000)
  region size 2048K, 136 young (278528K), 1 survivors (2048K)
 Metaspace       used 19378K, committed 19648K, reserved 1073152K
  class space    used 2048K, committed 2176K, reserved 1048576K
}
Event: 9.380 GC heap after
{Heap after GC invocations=25 (full 0):
 garbage-first heap   total 466944K, used 57768K [0x0000000704400000, 0x0000000800000000)
  region size 2048K, 1 young (2048K), 1 survivors (2048K)
 Metaspace       used 19378K, committed 19648K, reserved 1073152K
  class space    used 2048K, committed 2176K, reserved 1048576K
}
Event: 9.521 GC heap before
{Heap before GC invocations=25 (full 0):
 garbage-first heap   total 466944K, used 334248K [0x0000000704400000, 0x0000000800000000)
  region size 2048K, 136 young (278528K), 1 survivors (2048K)
 Metaspace       used 19397K, committed 19648K, reserved 1073152K
  class space    used 2048K, committed 2176K, reserved 1048576K
}
Event: 9.523 GC heap after
{Heap after GC invocations=26 (full 0):
 garbage-first heap   total 466944K, used 57764K [0x0000000704400000, 0x0000000800000000)
  region size 2048K, 1 young (2048K), 1 survivors (2048K)
 Metaspace       used 19397K, committed 19648K, reserved 1073152K
  class space    used 2048K, committed 2176K, reserved 1048576K
}

