# JRE version: Java(TM) SE Runtime Environment (17.0.2+8) (build 17.0.2+8-LTS-86)
# Java VM: Java HotSpot(TM) 64-Bit Server VM (17.0.2+8-LTS-86, mixed mode, sharing, tiered, compressed oops, compressed class ptrs, g1 gc, windows-amd64)
GC Precious Log:
 CPUs: 12 total, 12 available
 Memory: 16111M
 Large Page Support: Disabled
 NUMA Support: Disabled
 Compressed Oops: Enabled (Zero based)
 Heap Region Size: 2M
 Heap Min Capacity: 8M
 Heap Initial Capacity: 252M
 Heap Max Capacity: 4028M
 Pre-touch: Disabled
 Parallel Workers: 10
 Concurrent Workers: 3
 Concurrent Refinement Workers: 10
 Periodic GC: Disabled
Heap:
 garbage-first heap   total 372736K, used 3441K [0x0000000704400000, 0x0000000800000000)
  region size 2048K, 2 young (4096K), 1 survivors (2048K)
 Metaspace       used 10379K, committed 10624K, reserved 1064960K
  class space    used 877K, committed 960K, reserved 1048576K
GC Heap History (20 events):
Event: 78.091 GC heap before
{Heap before GC invocations=15 (full 0):
 garbage-first heap   total 372736K, used 224592K [0x0000000704400000, 0x0000000800000000)
  region size 2048K, 109 young (223232K), 1 survivors (2048K)
 Metaspace       used 10379K, committed 10624K, reserved 1064960K
  class space    used 877K, committed 960K, reserved 1048576K
}
Event: 78.093 GC heap after
{Heap after GC invocations=16 (full 0):
 garbage-first heap   total 372736K, used 3087K [0x0000000704400000, 0x0000000800000000)
  region size 2048K, 1 young (2048K), 1 survivors (2048K)
 Metaspace       used 10379K, committed 10624K, reserved 1064960K
  class space    used 877K, committed 960K, reserved 1048576K
}
Event: 79.288 GC heap before
{Heap before GC invocations=16 (full 0):
 garbage-first heap   total 372736K, used 224271K [0x0000000704400000, 0x0000000800000000)
  region size 2048K, 109 young (223232K), 1 survivors (2048K)
 Metaspace       used 10379K, committed 10624K, reserved 1064960K
  class space    used 877K, committed 960K, reserved 1048576K
}
Event: 79.290 GC heap after
{Heap after GC invocations=17 (full 0):
 garbage-first heap   total 372736K, used 3043K [0x0000000704400000, 0x0000000800000000)
  region size 2048K, 1 young (2048K), 1 survivors (2048K)
 Metaspace       used 10379K, committed 10624K, reserved 1064960K
  class space    used 877K, committed 960K, reserved 1048576K
}
Event: 80.477 GC heap before
{Heap before GC invocations=17 (full 0):
 garbage-first heap   total 372736K, used 224227K [0x0000000704400000, 0x0000000800000000)
  region size 2048K, 109 young (223232K), 1 survivors (2048K)
 Metaspace       used 10379K, committed 10624K, reserved 1064960K
  class space    used 877K, committed 960K, reserved 1048576K
}
Event: 80.479 GC heap after
{Heap after GC invocations=18 (full 0):
 garbage-first heap   total 372736K, used 3038K [0x0000000704400000, 0x0000000800000000)
  region size 2048K, 1 young (2048K), 1 survivors (2048K)
 Metaspace       used 10379K, committed 10624K, reserved 1064960K
  class space    used 877K, committed 960K, reserved 1048576K
}
Event: 81.158 GC heap before
{Heap before GC invocations=18 (full 0):
 garbage-first heap   total 372736K, used 224222K [0x0000000704400000, 0x0000000800000000)
  region size 2048K, 109 young (223232K), 1 survivors (2048K)
 Metaspace       used 10379K, committed 10624K, reserved 1064960K
  class space    used 877K, committed 960K, reserved 1048576K
}
Event: 81.160 GC heap after
{Heap after GC invocations=19 (full 0):
 garbage-first heap   total 372736K, used 3402K [0x0000000704400000, 0x0000000800000000)
  region size 2048K, 1 young (2048K), 1 survivors (2048K)
 Metaspace       used 10379K, committed 10624K, reserved 1064960K
  class space    used 877K, committed 960K, reserved 1048576K
}
Event: 81.575 GC heap before
{Heap before GC invocations=19 (full 0):
 garbage-first heap   total 372736K, used 224586K [0x0000000704400000, 0x0000000800000000)
  region size 2048K, 109 young (223232K), 1 survivors (2048K)
 Metaspace       used 10379K, committed 10624K, reserved 1064960K
  class space    used 877K, committed 960K, reserved 1048576K
}
Event: 81.577 GC heap after
{Heap after GC invocations=20 (full 0):
 garbage-first heap   total 372736K, used 3421K [0x0000000704400000, 0x0000000800000000)
  region size 2048K, 1 young (2048K), 1 survivors (2048K)
 Metaspace       used 10379K, committed 10624K, reserved 1064960K
  class space    used 877K, committed 960K, reserved 1048576K
}
Event: 81.991 GC heap before
{Heap before GC invocations=20 (full 0):
 garbage-first heap   total 372736K, used 224605K [0x0000000704400000, 0x0000000800000000)
  region size 2048K, 109 young (223232K), 1 survivors (2048K)
 Metaspace       used 10379K, committed 10624K, reserved 1064960K
  class space    used 877K, committed 960K, reserved 1048576K
}
Event: 81.993 GC heap after
{Heap after GC invocations=21 (full 0):
 garbage-first heap   total 372736K, used 3399K [0x0000000704400000, 0x0000000800000000)
  region size 2048K, 1 young (2048K), 1 survivors (2048K)
 Metaspace       used 10379K, committed 10624K, reserved 1064960K
  class space    used 877K, committed 960K, reserved 1048576K
}
Event: 82.407 GC heap before
{Heap before GC invocations=21 (full 0):
 garbage-first heap   total 372736K, used 224583K [0x0000000704400000, 0x0000000800000000)
  region size 2048K, 109 young (223232K), 1 survivors (2048K)
 Metaspace       used 10379K, committed 10624K, reserved 1064960K
  class space    used 877K, committed 960K, reserved 1048576K
}
Event: 82.409 GC heap after
{Heap after GC invocations=22 (full 0):
 garbage-first heap   total 372736K, used 3436K [0x0000000704400000, 0x0000000800000000)
  region size 2048K, 1 young (2048K), 1 survivors (2048K)
 Metaspace       used 10379K, committed 10624K, reserved 1064960K
  class space    used 877K, committed 960K, reserved 1048576K
}
Event: 82.842 GC heap before
{Heap before GC invocations=22 (full 0):
 garbage-first heap   total 372736K, used 224620K [0x0000000704400000, 0x0000000800000000)
  region size 2048K, 109 young (223232K), 1 survivors (2048K)
 Metaspace       used 10379K, committed 10624K, reserved 1064960K
  class space    used 877K, committed 960K, reserved 1048576K
}
Event: 82.844 GC heap after
{Heap after GC invocations=23 (full 0):
 garbage-first heap   total 372736K, used 3407K [0x0000000704400000, 0x0000000800000000)
  region size 2048K, 1 young (2048K), 1 survivors (2048K)
 Metaspace       used 10379K, committed 10624K, reserved 1064960K
  class space    used 877K, committed 960K, reserved 1048576K
}
Event: 83.264 GC heap before
{Heap before GC invocations=23 (full 0):
 garbage-first heap   total 372736K, used 224591K [0x0000000704400000, 0x0000000800000000)
  region size 2048K, 109 young (223232K), 1 survivors (2048K)
 Metaspace       used 10379K, committed 10624K, reserved 1064960K
  class space    used 877K, committed 960K, reserved 1048576K
}
Event: 83.266 GC heap after
{Heap after GC invocations=24 (full 0):
 garbage-first heap   total 372736K, used 3430K [0x0000000704400000, 0x0000000800000000)
  region size 2048K, 1 young (2048K), 1 survivors (2048K)
 Metaspace       used 10379K, committed 10624K, reserved 1064960K
  class space    used 877K, committed 960K, reserved 1048576K
}
Event: 83.680 GC heap before
{Heap before GC invocations=24 (full 0):
 garbage-first heap   total 372736K, used 224614K [0x0000000704400000, 0x0000000800000000)
  region size 2048K, 109 young (223232K), 1 survivors (2048K)
 Metaspace       used 10379K, committed 10624K, reserved 1064960K
  class space    used 877K, committed 960K, reserved 1048576K
}
Event: 83.682 GC heap after
{Heap after GC invocations=25 (full 0):
 garbage-first heap   total 372736K, used 3441K [0x0000000704400000, 0x0000000800000000)
  region size 2048K, 1 young (2048K), 1 survivors (2048K)
 Metaspace       used 10379K, committed 10624K, reserved 1064960K
  class space    used 877K, committed 960K, reserved 1048576K
}

